<?xml version="1.0" encoding="UTF-8"?>
<testsuite name="com.gs.ruleengine.controller.RuleEngineControllerTest" tests="3" skipped="0" failures="0" errors="0" timestamp="2025-03-25T04:50:26" hostname="devin-box" time="0.053">
  <properties/>
  <testcase name="executeRules_WithSpecificRules()" classname="com.gs.ruleengine.controller.RuleEngineControllerTest" time="0.033"/>
  <testcase name="executeRules_AllRulesForEntityType()" classname="com.gs.ruleengine.controller.RuleEngineControllerTest" time="0.008"/>
  <testcase name="executeRules_NoRulesFound()" classname="com.gs.ruleengine.controller.RuleEngineControllerTest" time="0.009"/>
  <system-out><![CDATA[2025-03-25 04:50:25.677  INFO 40467 --- [    Test worker] .b.t.a.w.s.WebMvcTestContextBootstrapper : Neither @ContextConfiguration nor @ContextHierarchy found for test class [com.gs.ruleengine.controller.RuleEngineControllerTest], using SpringBootContextLoader
2025-03-25 04:50:25.678  INFO 40467 --- [    Test worker] o.s.t.c.support.AbstractContextLoader    : Could not detect default resource locations for test class [com.gs.ruleengine.controller.RuleEngineControllerTest]: no resource found for suffixes {-context.xml, Context.groovy}.
2025-03-25 04:50:25.678  INFO 40467 --- [    Test worker] t.c.s.AnnotationConfigContextLoaderUtils : Could not detect default configuration classes for test class [com.gs.ruleengine.controller.RuleEngineControllerTest]: RuleEngineControllerTest does not declare any static, non-private, non-final, nested classes annotated with @Configuration.
2025-03-25 04:50:25.685  INFO 40467 --- [    Test worker] .b.t.c.SpringBootTestContextBootstrapper : Found @SpringBootConfiguration com.gs.ruleengine.RuleEngineApplication for test class com.gs.ruleengine.controller.RuleEngineControllerTest
2025-03-25 04:50:25.686  INFO 40467 --- [    Test worker] .b.t.a.w.s.WebMvcTestContextBootstrapper : Loaded default TestExecutionListener class names from location [META-INF/spring.factories]: [org.springframework.boot.test.autoconfigure.restdocs.RestDocsTestExecutionListener, org.springframework.boot.test.autoconfigure.web.client.MockRestServiceServerResetTestExecutionListener, org.springframework.boot.test.autoconfigure.web.servlet.MockMvcPrintOnlyOnFailureTestExecutionListener, org.springframework.boot.test.autoconfigure.web.servlet.WebDriverTestExecutionListener, org.springframework.boot.test.autoconfigure.webservices.client.MockWebServiceServerTestExecutionListener, org.springframework.boot.test.mock.mockito.MockitoTestExecutionListener, org.springframework.boot.test.mock.mockito.ResetMocksTestExecutionListener, org.springframework.test.context.web.ServletTestExecutionListener, org.springframework.test.context.support.DirtiesContextBeforeModesTestExecutionListener, org.springframework.test.context.event.ApplicationEventsTestExecutionListener, org.springframework.test.context.support.DependencyInjectionTestExecutionListener, org.springframework.test.context.support.DirtiesContextTestExecutionListener, org.springframework.test.context.transaction.TransactionalTestExecutionListener, org.springframework.test.context.jdbc.SqlScriptsTestExecutionListener, org.springframework.test.context.event.EventPublishingTestExecutionListener]
2025-03-25 04:50:25.687  INFO 40467 --- [    Test worker] .b.t.a.w.s.WebMvcTestContextBootstrapper : Using TestExecutionListeners: [org.springframework.test.context.web.ServletTestExecutionListener@323eecf8, org.springframework.test.context.support.DirtiesContextBeforeModesTestExecutionListener@2e02cc37, org.springframework.test.context.event.ApplicationEventsTestExecutionListener@6e355249, org.springframework.boot.test.mock.mockito.MockitoTestExecutionListener@652a1a17, org.springframework.boot.test.autoconfigure.SpringBootDependencyInjectionTestExecutionListener@20b67366, org.springframework.test.context.support.DirtiesContextTestExecutionListener@186d6033, org.springframework.test.context.transaction.TransactionalTestExecutionListener@5c0ece6d, org.springframework.test.context.jdbc.SqlScriptsTestExecutionListener@69419d59, org.springframework.test.context.event.EventPublishingTestExecutionListener@7affee54, org.springframework.boot.test.autoconfigure.restdocs.RestDocsTestExecutionListener@96075c0, org.springframework.boot.test.autoconfigure.web.client.MockRestServiceServerResetTestExecutionListener@2337bf27, org.springframework.boot.test.autoconfigure.web.servlet.MockMvcPrintOnlyOnFailureTestExecutionListener@4679554d, org.springframework.boot.test.autoconfigure.web.servlet.WebDriverTestExecutionListener@43719e98, org.springframework.boot.test.autoconfigure.webservices.client.MockWebServiceServerTestExecutionListener@49353d43, org.springframework.boot.test.mock.mockito.ResetMocksTestExecutionListener@57e57dc5]

  .   ____          _            __ _ _
 /\\ / ___'_ __ _ _(_)_ __  __ _ \ \ \ \
( ( )\___ | '_ | '_| | '_ \/ _` | \ \ \ \
 \\/  ___)| |_)| | | | | || (_| |  ) ) ) )
  '  |____| .__|_| |_|_| |_\__, | / / / /
 =========|_|==============|___/=/_/_/_/
 :: Spring Boot ::               (v2.7.18)

2025-03-25 04:50:25.721  INFO 40467 --- [    Test worker] c.g.r.c.RuleEngineControllerTest         : Starting RuleEngineControllerTest using Java 11.0.26 on devin-box with PID 40467 (started by ubuntu in /home/ubuntu/repos/rule-engine-garnit)
2025-03-25 04:50:25.721 DEBUG 40467 --- [    Test worker] c.g.r.c.RuleEngineControllerTest         : Running with Spring Boot v2.7.18, Spring v5.3.31
2025-03-25 04:50:25.722  INFO 40467 --- [    Test worker] c.g.r.c.RuleEngineControllerTest         : No active profile set, falling back to 1 default profile: "default"
2025-03-25 04:50:26.402  INFO 40467 --- [    Test worker] o.s.b.t.m.w.SpringBootMockServletContext : Initializing Spring TestDispatcherServlet ''
2025-03-25 04:50:26.402  INFO 40467 --- [    Test worker] o.s.t.web.servlet.TestDispatcherServlet  : Initializing Servlet ''
2025-03-25 04:50:26.403  INFO 40467 --- [    Test worker] o.s.t.web.servlet.TestDispatcherServlet  : Completed initialization in 1 ms
2025-03-25 04:50:26.421  INFO 40467 --- [    Test worker] c.g.r.c.RuleEngineControllerTest         : Started RuleEngineControllerTest in 0.732 seconds (JVM running for 6.166)
]]></system-out>
  <system-err><![CDATA[]]></system-err>
</testsuite>
