<?xml version="1.0" encoding="UTF-8"?>
<testsuite name="com.gs.ruleengine.engine.ActionEngineTest" tests="5" skipped="0" failures="0" errors="0" timestamp="2025-03-25T04:50:26" hostname="devin-box" time="0.071">
  <properties/>
  <testcase name="testExecuteActions_EntityNotFound()" classname="com.gs.ruleengine.engine.ActionEngineTest" time="0.05"/>
  <testcase name="testExecuteActions_NoHandlerFound()" classname="com.gs.ruleengine.engine.ActionEngineTest" time="0.005"/>
  <testcase name="testExecuteActions_SingleRuleOutput_Success()" classname="com.gs.ruleengine.engine.ActionEngineTest" time="0.005"/>
  <testcase name="testExecuteActions_NoActionConfigurations()" classname="com.gs.ruleengine.engine.ActionEngineTest" time="0.002"/>
  <testcase name="testExecuteActions_MultipleRuleOutputs()" classname="com.gs.ruleengine.engine.ActionEngineTest" time="0.005"/>
  <system-out><![CDATA[2025-03-25 04:50:26.533 ERROR 40467 --- [    Test worker] c.g.r.engine.DefaultActionEngine         : Entity not found with ID: 1 and type: TICKET
2025-03-25 04:50:26.539 ERROR 40467 --- [    Test worker] c.g.r.engine.DefaultActionEngine         : No handler found for action type: EMAIL
2025-03-25 04:50:26.548  INFO 40467 --- [    Test worker] c.g.r.engine.DefaultActionEngine         : No action configurations found for rule: 1
]]></system-out>
  <system-err><![CDATA[]]></system-err>
</testsuite>
