<?xml version="1.0" encoding="UTF-8"?>
<testsuite name="com.gs.ruleengine.engine.action.AggregationActionHandlerTest" tests="3" skipped="0" failures="0" errors="0" timestamp="2025-03-25T04:50:21" hostname="devin-box" time="1.266">
  <properties/>
  <testcase name="testCanHandle()" classname="com.gs.ruleengine.engine.action.AggregationActionHandlerTest" time="1.231"/>
  <testcase name="testExecute_Success()" classname="com.gs.ruleengine.engine.action.AggregationActionHandlerTest" time="0.031"/>
  <testcase name="testExecute_RuleResultFalse()" classname="com.gs.ruleengine.engine.action.AggregationActionHandlerTest" time="0.002"/>
  <system-out><![CDATA[04:50:22.361 [Test worker] INFO com.gs.ruleengine.engine.action.AggregationActionHandler - Performing aggregation on field: priority
04:50:22.366 [Test worker] INFO com.gs.ruleengine.engine.action.AggregationActionHandler - Aggregation type: AVG
04:50:22.366 [Test worker] INFO com.gs.ruleengine.engine.action.AggregationActionHandler - Group by field: status
04:50:22.367 [Test worker] INFO com.gs.ruleengine.engine.action.AggregationActionHandler - Filter fields: [assignee]
04:50:22.367 [Test worker] INFO com.gs.ruleengine.engine.action.AggregationActionHandler - Output destination: DB
04:50:22.372 [Test worker] INFO com.gs.ruleengine.engine.action.AggregationActionHandler - Rule result is false, skipping aggregation action for rule: 1
]]></system-out>
  <system-err><![CDATA[]]></system-err>
</testsuite>
