<?xml version="1.0" encoding="UTF-8"?>
<testsuite name="com.gs.ruleengine.engine.action.PropertyUpdateActionHandlerTest" tests="3" skipped="0" failures="0" errors="0" timestamp="2025-03-25T04:50:22" hostname="devin-box" time="0.051">
  <properties/>
  <testcase name="testCanHandle()" classname="com.gs.ruleengine.engine.action.PropertyUpdateActionHandlerTest" time="0.044"/>
  <testcase name="testExecute_Success()" classname="com.gs.ruleengine.engine.action.PropertyUpdateActionHandlerTest" time="0.003"/>
  <testcase name="testExecute_RuleResultFalse()" classname="com.gs.ruleengine.engine.action.PropertyUpdateActionHandlerTest" time="0.001"/>
  <system-out><![CDATA[04:50:22.437 [Test worker] INFO com.gs.ruleengine.engine.action.PropertyUpdateActionHandler - Updating properties for entity: TICKET with ID: 1
04:50:22.438 [Test worker] INFO com.gs.ruleengine.engine.action.PropertyUpdateActionHandler - Properties to update: {priority=2, status=IN_PROGRESS}
04:50:22.440 [Test worker] INFO com.gs.ruleengine.engine.action.PropertyUpdateActionHandler - Rule result is false, skipping property update action for rule: 1
]]></system-out>
  <system-err><![CDATA[]]></system-err>
</testsuite>
